<?xml version="1.0" encoding="UTF-8"?>
<testng-results total="3" passed="2" failed="1" skipped="0">
  <reporter-output>
  </reporter-output>
  <suite started-at="2021-05-27T12:43:55Z" name="Suite" finished-at="2021-05-27T12:44:47Z" duration-ms="51755">
    <groups>
    </groups>
    <test started-at="2021-05-27T12:43:55Z" name="Test" finished-at="2021-05-27T12:44:47Z" duration-ms="51755">
      <class name="InternAssignment.OpenCart.TestLogin">
        <test-method signature="basePageNavigation(java.lang.String, java.lang.String, java.lang.String)[pri:0, instance:InternAssignment.OpenCart.TestLogin@27adc16e]" started-at="2021-05-27T18:13:56Z" name="basePageNavigation" data-provider="testdata" finished-at="2021-05-27T18:14:28Z" duration-ms="32107" status="PASS">
          <params>
            <param index="0">
              <value>
                <![CDATA[gandharva@gmail.com]]>
              </value>
            </param>
            <param index="1">
              <value>
                <![CDATA[abcxyz]]>
              </value>
            </param>
            <param index="2">
              <value>
                <![CDATA[0864]]>
              </value>
            </param>
          </params>
          <reporter-output>
          </reporter-output>
        </test-method> <!-- basePageNavigation -->
        <test-method signature="basePageNavigation(java.lang.String, java.lang.String, java.lang.String)[pri:0, instance:InternAssignment.OpenCart.TestLogin@27adc16e]" started-at="2021-05-27T18:14:28Z" name="basePageNavigation" data-provider="testdata" finished-at="2021-05-27T18:14:40Z" duration-ms="11567" status="FAIL">
          <params>
            <param index="0">
              <value>
                <![CDATA[tomsmith@gmail.com]]>
              </value>
            </param>
            <param index="1">
              <value>
                <![CDATA[tomsmith@12]]>
              </value>
            </param>
            <param index="2">
              <value>
                <![CDATA[0987]]>
              </value>
            </param>
          </params>
          <exception class="java.lang.NullPointerException">
            <full-stacktrace>
              <![CDATA[java.lang.NullPointerException
	at org.openqa.selenium.support.ui.ExpectedConditions.elementIfVisible(ExpectedConditions.java:302)
	at org.openqa.selenium.support.ui.ExpectedConditions.access$100(ExpectedConditions.java:44)
	at org.openqa.selenium.support.ui.ExpectedConditions$10.apply(ExpectedConditions.java:288)
	at org.openqa.selenium.support.ui.ExpectedConditions$10.apply(ExpectedConditions.java:285)
	at org.openqa.selenium.support.ui.FluentWait.until(FluentWait.java:209)
	at InternAssignment.OpenCart.TestLogin.basePageNavigation(TestLogin.java:34)
	at java.base/jdk.internal.reflect.NativeMethodAccessorImpl.invoke0(Native Method)
	at java.base/jdk.internal.reflect.NativeMethodAccessorImpl.invoke(NativeMethodAccessorImpl.java:62)
	at java.base/jdk.internal.reflect.DelegatingMethodAccessorImpl.invoke(DelegatingMethodAccessorImpl.java:43)
	at java.base/java.lang.reflect.Method.invoke(Method.java:566)
	at org.testng.internal.MethodInvocationHelper.invokeMethod(MethodInvocationHelper.java:80)
	at org.testng.internal.Invoker.invokeMethod(Invoker.java:714)
	at org.testng.internal.Invoker.invokeTestMethod(Invoker.java:901)
	at org.testng.internal.Invoker.invokeTestMethods(Invoker.java:1231)
	at org.testng.internal.TestMethodWorker.invokeTestMethods(TestMethodWorker.java:127)
	at org.testng.internal.TestMethodWorker.run(TestMethodWorker.java:111)
	at org.testng.TestRunner.privateRun(TestRunner.java:767)
	at org.testng.TestRunner.run(TestRunner.java:617)
	at org.testng.SuiteRunner.runTest(SuiteRunner.java:334)
	at org.testng.SuiteRunner.runSequentially(SuiteRunner.java:329)
	at org.testng.SuiteRunner.privateRun(SuiteRunner.java:291)
	at org.testng.SuiteRunner.run(SuiteRunner.java:240)
	at org.testng.SuiteRunnerWorker.runSuite(SuiteRunnerWorker.java:52)
	at org.testng.SuiteRunnerWorker.run(SuiteRunnerWorker.java:86)
	at org.testng.TestNG.runSuitesSequentially(TestNG.java:1198)
	at org.testng.TestNG.runSuitesLocally(TestNG.java:1123)
	at org.testng.TestNG.run(TestNG.java:1031)
	at org.testng.remote.AbstractRemoteTestNG.run(AbstractRemoteTestNG.java:115)
	at org.testng.remote.RemoteTestNG.initAndRun(RemoteTestNG.java:251)
	at org.testng.remote.RemoteTestNG.main(RemoteTestNG.java:77)
]]>
            </full-stacktrace>
          </exception> <!-- java.lang.NullPointerException -->
          <reporter-output>
          </reporter-output>
        </test-method> <!-- basePageNavigation -->
      </class> <!-- InternAssignment.OpenCart.TestLogin -->
      <class name="InternAssignment.OpenCart.registrationPage">
        <test-method signature="registration()[pri:0, instance:InternAssignment.OpenCart.registrationPage@6d026701]" started-at="2021-05-27T18:14:40Z" name="registration" finished-at="2021-05-27T18:14:47Z" duration-ms="7013" status="PASS">
          <reporter-output>
          </reporter-output>
        </test-method> <!-- registration -->
      </class> <!-- InternAssignment.OpenCart.registrationPage -->
    </test> <!-- Test -->
  </suite> <!-- Suite -->
</testng-results>
