<?xml version="1.0" encoding="UTF-8"?>
<!-- Generated by org.testng.reporters.JUnitXMLReporter -->
<testsuite hostname="admin-PC" failures="1" tests="3" name="Test" time="51.755" errors="0" timestamp="27 May 2021 12:44:47 GMT">
  <testcase classname="InternAssignment.OpenCart.TestLogin" name="basePageNavigation" time="32.107"/>
  <testcase classname="InternAssignment.OpenCart.TestLogin" name="basePageNavigation" time="11.567">
    <failure type="java.lang.NullPointerException">
      <![CDATA[java.lang.NullPointerException
	at org.openqa.selenium.support.ui.ExpectedConditions.elementIfVisible(ExpectedConditions.java:302)
	at org.openqa.selenium.support.ui.ExpectedConditions.access$100(ExpectedConditions.java:44)
	at org.openqa.selenium.support.ui.ExpectedConditions$10.apply(ExpectedConditions.java:288)
	at org.openqa.selenium.support.ui.ExpectedConditions$10.apply(ExpectedConditions.java:285)
	at org.openqa.selenium.support.ui.FluentWait.until(FluentWait.java:209)
	at InternAssignment.OpenCart.TestLogin.basePageNavigation(TestLogin.java:34)
... Removed 24 stack frames]]>
    </failure>
  </testcase> <!-- basePageNavigation -->
  <testcase classname="InternAssignment.OpenCart.registrationPage" name="registration" time="7.013"/>
</testsuite> <!-- Test -->
